<?xml version="1.0" encoding="UTF-8"?>
<testsuite name="com.telran.qa.tests.GroupDeleteTest" tests="1" skipped="0" failures="0" errors="0" timestamp="2018-08-14T16:10:10" hostname="DESKTOP-I9FM49P" time="26.166">
  <properties/>
  <testcase name="editTest" classname="com.telran.qa.tests.GroupDeleteTest" time="26.166"/>
  <system-out><![CDATA[]]></system-out>
  <system-err><![CDATA[]]></system-err>
</testsuite>
