<?xml version="1.0" encoding="UTF-8"?>
<testsuite name="com.telran.qa.tests.ContactEditTest" tests="1" skipped="0" failures="0" errors="0" timestamp="2018-08-14T16:11:13" hostname="DESKTOP-I9FM49P" time="4.194">
  <properties/>
  <testcase name="testContactCorrection" classname="com.telran.qa.tests.ContactEditTest" time="4.194"/>
  <system-out><![CDATA[]]></system-out>
  <system-err><![CDATA[]]></system-err>
</testsuite>
